<?xml version="1.0" encoding="UTF-8"?>
<!-- Generated by org.testng.reporters.JUnitXMLReporter -->
<testsuite ignored="3" hostname="DESKTOP-VPOCKJB" failures="0" tests="1" name="Critical Test" time="0.001" errors="0" timestamp="2024-08-27T11:35:05 IST">
  <testcase classname="pageobjectmodeljat21.TC007_EmployeeTest" name="deleteEmployee" time="0.0"/>
  <testcase classname="pageobjectmodeljat21.TC007_EmployeeTest" name="getEmployeeDetails" time="0.0">
    <ignored/>
  </testcase> <!-- getEmployeeDetails -->
  <testcase classname="pageobjectmodeljat21.TC007_EmployeeTest" name="createEmployee" time="0.0">
    <ignored/>
  </testcase> <!-- createEmployee -->
  <testcase classname="pageobjectmodeljat21.TC007_EmployeeTest" name="updatEmployee" time="0.0">
    <ignored/>
  </testcase> <!-- updatEmployee -->
</testsuite> <!-- Critical Test -->
