<?xml version="1.0" encoding="UTF-8"?>
<!-- Generated by org.testng.reporters.JUnitXMLReporter -->
<testsuite ignored="0" hostname="DESKTOP-VPOCKJB" failures="0" tests="4" name="Regression Test" time="0.008" errors="0" timestamp="2024-08-27T11:35:05 IST">
  <testcase classname="pageobjectmodeljat21.TC007_EmployeeTest" name="createEmployee" time="0.003"/>
  <testcase classname="pageobjectmodeljat21.TC007_EmployeeTest" name="updatEmployee" time="0.0"/>
  <testcase classname="pageobjectmodeljat21.TC007_EmployeeTest" name="deleteEmployee" time="0.0"/>
  <testcase classname="pageobjectmodeljat21.TC007_EmployeeTest" name="getEmployeeDetails" time="0.0"/>
</testsuite> <!-- Regression Test -->
