<?xml version="1.0" encoding="UTF-8"?>
<!-- Generated by org.testng.reporters.JUnitXMLReporter -->
<testsuite ignored="2" hostname="DESKTOP-VPOCKJB" failures="0" tests="2" name="Smoke Test" time="0.049" errors="0" timestamp="2024-08-27T11:35:05 IST">
  <testcase classname="base.ProjectsSpecificMethod" name="@BeforeMethod browserLaunch" time="-1.724738705129E9">
    <failure type="org.testng.TestNGException" message="
Parameter &amp;apos;browser&amp;apos; is required by BeforeMethod on method browserLaunch but has not been marked @Optional or defined
in D:\JavaConcept\pageobjectmodeljat21\testnggrouping.xml">
      <![CDATA[org.testng.TestNGException: 
Parameter 'browser' is required by BeforeMethod on method browserLaunch but has not been marked @Optional or defined
in D:\JavaConcept\pageobjectmodeljat21\testnggrouping.xml
at java.base/java.util.ArrayList.forEach(ArrayList.java:1511)
... Removed 32 stack frames]]>
    </failure>
  </testcase> <!-- @BeforeMethod browserLaunch -->
  <testcase classname="base.ProjectsSpecificMethod" name="@AfterMethod browserClose" time="0.0">
    <skipped/>
  </testcase> <!-- @AfterMethod browserClose -->
  <testcase classname="base.ProjectsSpecificMethod" name="@BeforeMethod browserLaunch" time="0.0">
    <skipped/>
  </testcase> <!-- @BeforeMethod browserLaunch -->
  <testcase classname="base.ProjectsSpecificMethod" name="@AfterMethod browserClose" time="0.0">
    <skipped/>
  </testcase> <!-- @AfterMethod browserClose -->
  <testcase classname="pageobjectmodeljat21.TC007_EmployeeTest" name="updatEmployee" time="0.0">
    <skipped/>
  </testcase> <!-- updatEmployee -->
  <testcase classname="pageobjectmodeljat21.TC007_EmployeeTest" name="deleteEmployee" time="0.0">
    <skipped/>
  </testcase> <!-- deleteEmployee -->
  <testcase classname="pageobjectmodeljat21.TC007_EmployeeTest" name="getEmployeeDetails" time="0.0">
    <ignored/>
  </testcase> <!-- getEmployeeDetails -->
  <testcase classname="pageobjectmodeljat21.TC007_EmployeeTest" name="createEmployee" time="0.0">
    <ignored/>
  </testcase> <!-- createEmployee -->
</testsuite> <!-- Smoke Test -->
