<?xml version="1.0" encoding="UTF-8"?>
<!-- Generated by org.testng.reporters.JUnitXMLReporter -->
<testsuite ignored="14" hostname="DESKTOP-VPOCKJB" failures="0" tests="2" name="Execution1" time="0.088" errors="0" timestamp="2024-08-21T11:11:08 IST">
  <testcase classname="pageobjectmodeljat21.TC006_TestGroup" name="login" time="0.014"/>
  <testcase classname="pageobjectmodeljat21.TC006_TestGroup" name="createCustomer" time="0.001"/>
  <testcase classname="pageobjectmodeljat21.TC005_Testnew" name="login" time="0.0">
    <ignored/>
  </testcase> <!-- login -->
  <testcase classname="pageobjectmodeljat21.TC003_HomeTest" name="test1" time="0.0">
    <ignored/>
  </testcase> <!-- test1 -->
  <testcase classname="pageobjectmodeljat21.TC006_TestGroup" name="createadmin" time="0.0">
    <ignored/>
  </testcase> <!-- createadmin -->
  <testcase classname="pageobjectmodeljat21.TC004_TestDemo" name="Homepage" time="0.0">
    <ignored/>
  </testcase> <!-- Homepage -->
  <testcase classname="pageobjectmodeljat21.TC002_SignupTest" name="SignupTest" time="0.0">
    <ignored/>
  </testcase> <!-- SignupTest -->
  <testcase classname="pageobjectmodeljat21.TC001_LoginTest" name="LoginTest" time="0.0">
    <ignored/>
  </testcase> <!-- LoginTest -->
  <testcase classname="pageobjectmodeljat21.TC006_TestGroup" name="logout" time="0.0">
    <ignored/>
  </testcase> <!-- logout -->
  <testcase classname="pageobjectmodeljat21.TC005_Testnew" name="logout" time="0.0">
    <ignored/>
  </testcase> <!-- logout -->
  <testcase classname="pageobjectmodeljat21.TC004_TestDemo" name="Logout" time="0.0">
    <ignored/>
  </testcase> <!-- Logout -->
  <testcase classname="pageobjectmodeljat21.TC004_TestDemo" name="Cartadd" time="0.0">
    <ignored/>
  </testcase> <!-- Cartadd -->
  <testcase classname="pageobjectmodeljat21.TC005_Testnew" name="addskillssetDetails" time="0.0">
    <ignored/>
  </testcase> <!-- addskillssetDetails -->
  <testcase classname="pageobjectmodeljat21.TC004_TestDemo" name="Signup" time="0.0">
    <ignored/>
  </testcase> <!-- Signup -->
  <testcase classname="pageobjectmodeljat21.TC005_Testnew" name="addeducationdetails" time="0.0">
    <ignored/>
  </testcase> <!-- addeducationdetails -->
  <testcase classname="pageobjectmodeljat21.TC004_TestDemo" name="Login" time="0.0">
    <ignored/>
  </testcase> <!-- Login -->
</testsuite> <!-- Execution1 -->
