<?xml version="1.0" encoding="UTF-8"?>
<!-- Generated by org.testng.reporters.JUnitXMLReporter -->
<testsuite ignored="0" hostname="DESKTOP-VPOCKJB" failures="3" tests="4" name="Test" time="44.808" errors="0" timestamp="2024-08-27T11:39:46 IST">
  <testcase classname="pageobjectmodeljat21.TC002_SignupTest" name="SignupTest" time="2.72">
    <failure type="java.lang.AssertionError" message="expected:&amp;lt;This user already exist.&amp;gt; but was:&amp;lt;Sign up successful.&amp;gt;">
      <![CDATA[java.lang.AssertionError: expected:<This user already exist.> but was:<Sign up successful.>
at pageobjectmodeljat21.TC002_SignupTest.SignupTest(TC002_SignupTest.java:41)
at java.base/java.util.ArrayList.forEach(ArrayList.java:1511)
... Removed 29 stack frames]]>
    </failure>
  </testcase> <!-- SignupTest -->
  <testcase classname="pageobjectmodeljat21.TC002_SignupTest" name="SignupTest" time="2.675"/>
  <testcase classname="pageobjectmodeljat21.TC002_SignupTest" name="SignupTest" time="2.64">
    <failure type="org.openqa.selenium.NoAlertPresentException" message="Build info: version: &amp;apos;4.23.0&amp;apos;, revision: &amp;apos;4df0a231af&amp;apos;
System info: os.name: &amp;apos;Windows 10&amp;apos;, os.arch: &amp;apos;amd64&amp;apos;, os.version: &amp;apos;10.0&amp;apos;, java.version: &amp;apos;17.0.7&amp;apos;
Driver info: org.openqa.selenium.firefox.FirefoxDriver
Command: [ebeead4b-965d-4ab1-8a5d-3bb51e60022c, getAlertText {}]
Capabilities {acceptInsecureCerts: true, browserName: firefox, browserVersion: 129.0.1, moz:accessibilityChecks: false, moz:buildID: 20240812083845, moz:debuggerAddress: 127.0.0.1:9605, moz:geckodriverVersion: 0.35.0, moz:headless: false, moz:platformVersion: 10.0, moz:processID: 12556, moz:profile: C:\Users\DIGITA~1\AppData\L..., moz:shutdownTimeout: 60000, moz:webdriverClick: true, moz:windowless: false, pageLoadStrategy: normal, platformName: windows, proxy: Proxy(), se:cdp: ws://127.0.0.1:9605/devtool..., se:cdpVersion: 85.0, setWindowRect: true, strictFileInteractability: false, timeouts: {implicit: 0, pageLoad: 300000, script: 30000}, unhandledPromptBehavior: dismiss and notify, userAgent: Mozilla/5.0 (Windows NT 10....}
Session ID: ebeead4b-965d-4ab1-8a5d-3bb51e60022c">
      <![CDATA[org.openqa.selenium.NoAlertPresentException: Build info: version: '4.23.0', revision: '4df0a231af'
System info: os.name: 'Windows 10', os.arch: 'amd64', os.version: '10.0', java.version: '17.0.7'
Driver info: org.openqa.selenium.firefox.FirefoxDriver
Command: [ebeead4b-965d-4ab1-8a5d-3bb51e60022c, getAlertText {}]
Capabilities {acceptInsecureCerts: true, browserName: firefox, browserVersion: 129.0.1, moz:accessibilityChecks: false, moz:buildID: 20240812083845, moz:debuggerAddress: 127.0.0.1:9605, moz:geckodriverVersion: 0.35.0, moz:headless: false, moz:platformVersion: 10.0, moz:processID: 12556, moz:profile: C:\Users\DIGITA~1\AppData\L..., moz:shutdownTimeout: 60000, moz:webdriverClick: true, moz:windowless: false, pageLoadStrategy: normal, platformName: windows, proxy: Proxy(), se:cdp: ws://127.0.0.1:9605/devtool..., se:cdpVersion: 85.0, setWindowRect: true, strictFileInteractability: false, timeouts: {implicit: 0, pageLoad: 300000, script: 30000}, unhandledPromptBehavior: dismiss and notify, userAgent: Mozilla/5.0 (Windows NT 10....}
Session ID: ebeead4b-965d-4ab1-8a5d-3bb51e60022c
at org.openqa.selenium.remote.ErrorCodec.decode(ErrorCodec.java:167)
at org.openqa.selenium.remote.codec.w3c.W3CHttpResponseCodec.decode(W3CHttpResponseCodec.java:138)
at org.openqa.selenium.remote.codec.w3c.W3CHttpResponseCodec.decode(W3CHttpResponseCodec.java:50)
at org.openqa.selenium.remote.HttpCommandExecutor.execute(HttpCommandExecutor.java:190)
at org.openqa.selenium.remote.service.DriverCommandExecutor.invokeExecute(DriverCommandExecutor.java:216)
at org.openqa.selenium.remote.service.DriverCommandExecutor.execute(DriverCommandExecutor.java:174)
at org.openqa.selenium.remote.RemoteWebDriver.execute(RemoteWebDriver.java:527)
at org.openqa.selenium.remote.RemoteWebDriver.execute(RemoteWebDriver.java:600)
at org.openqa.selenium.remote.RemoteWebDriver.execute(RemoteWebDriver.java:604)
at org.openqa.selenium.remote.RemoteWebDriver$RemoteTargetLocator.alert(RemoteWebDriver.java:1172)
at pageobjectmodeljat21.TC002_SignupTest.SignupTest(TC002_SignupTest.java:51)
at java.base/java.util.ArrayList.forEach(ArrayList.java:1511)
... Removed 32 stack frames]]>
    </failure>
  </testcase> <!-- SignupTest -->
  <testcase classname="pageobjectmodeljat21.TC002_SignupTest" name="SignupTest" time="2.607">
    <failure type="java.lang.AssertionError" message="expected:&amp;lt;This user already exist.&amp;gt; but was:&amp;lt;Please fill out Username and Password.&amp;gt;">
      <![CDATA[java.lang.AssertionError: expected:<This user already exist.> but was:<Please fill out Username and Password.>
at pageobjectmodeljat21.TC002_SignupTest.SignupTest(TC002_SignupTest.java:61)
at java.base/java.util.ArrayList.forEach(ArrayList.java:1511)
... Removed 29 stack frames]]>
    </failure>
  </testcase> <!-- SignupTest -->
</testsuite> <!-- Test -->
