<?xml version="1.0" encoding="UTF-8"?>
<!-- Generated by org.testng.reporters.JUnitXMLReporter -->
<testsuite ignored="0" hostname="DESKTOP-VPOCKJB" failures="0" tests="4" name="Test" time="35.998" errors="0" timestamp="2024-08-27T11:44:56 IST">
  <testcase classname="pageobjectmodeljat21.TC002_SignupTest" name="SignupTest" time="2.776"/>
  <testcase classname="pageobjectmodeljat21.TC002_SignupTest" name="SignupTest" time="2.672"/>
  <testcase classname="pageobjectmodeljat21.TC002_SignupTest" name="SignupTest" time="2.659"/>
  <testcase classname="pageobjectmodeljat21.TC002_SignupTest" name="SignupTest" time="2.792"/>
</testsuite> <!-- Test -->
