<?xml version="1.0" encoding="UTF-8"?>
<testng-results ignored="0" total="4" passed="4" failed="0" skipped="0">
  <reporter-output>
  </reporter-output>
  <suite started-at="2024-08-27T11:44:19 IST" name="Suite" finished-at="2024-08-27T11:44:55 IST" duration-ms="35998">
    <groups>
    </groups>
    <test started-at="2024-08-27T11:44:19 IST" name="Test" finished-at="2024-08-27T11:44:55 IST" duration-ms="35998">
      <class name="pageobjectmodeljat21.TC002_SignupTest">
        <test-method is-config="true" signature="fileSetup()[pri:0, instance:pageobjectmodeljat21.TC002_SignupTest@53fe15ff]" started-at="2024-08-27T11:44:19 IST" name="fileSetup" finished-at="2024-08-27T11:44:19 IST" duration-ms="9" status="PASS">
          <reporter-output>
          </reporter-output>
        </test-method> <!-- fileSetup -->
        <test-method is-config="true" signature="browserLaunch(java.lang.String,java.lang.String)[pri:0, instance:pageobjectmodeljat21.TC002_SignupTest@53fe15ff]" started-at="2024-08-27T11:44:20 IST" name="browserLaunch" finished-at="2024-08-27T11:44:25 IST" duration-ms="5295" status="PASS">
          <params>
            <param index="0">
              <value>
                <![CDATA[firefox]]>
              </value>
            </param>
            <param index="1">
              <value>
                <![CDATA[https://www.demoblaze.com/index.html]]>
              </value>
            </param>
          </params>
          <reporter-output>
          </reporter-output>
        </test-method> <!-- browserLaunch -->
        <test-method signature="SignupTest(java.lang.String,java.lang.String,java.lang.String)[pri:0, instance:pageobjectmodeljat21.TC002_SignupTest@53fe15ff]" started-at="2024-08-27T11:44:25 IST" name="SignupTest" data-provider="ReadfromExcel" finished-at="2024-08-27T11:44:28 IST" duration-ms="2776" status="PASS">
          <params>
            <param index="0">
              <value>
                <![CDATA[lavish2030]]>
              </value>
            </param>
            <param index="1">
              <value>
                <![CDATA[admin123]]>
              </value>
            </param>
            <param index="2">
              <value>
                <![CDATA[newUser]]>
              </value>
            </param>
          </params>
          <reporter-output>
          </reporter-output>
        </test-method> <!-- SignupTest -->
        <test-method is-config="true" signature="browserClose()[pri:0, instance:pageobjectmodeljat21.TC002_SignupTest@53fe15ff]" started-at="2024-08-27T11:44:28 IST" name="browserClose" finished-at="2024-08-27T11:44:29 IST" duration-ms="932" status="PASS">
          <reporter-output>
          </reporter-output>
        </test-method> <!-- browserClose -->
        <test-method is-config="true" signature="browserLaunch(java.lang.String,java.lang.String)[pri:0, instance:pageobjectmodeljat21.TC002_SignupTest@53fe15ff]" started-at="2024-08-27T11:44:29 IST" name="browserLaunch" finished-at="2024-08-27T11:44:34 IST" duration-ms="5046" status="PASS">
          <params>
            <param index="0">
              <value>
                <![CDATA[firefox]]>
              </value>
            </param>
            <param index="1">
              <value>
                <![CDATA[https://www.demoblaze.com/index.html]]>
              </value>
            </param>
          </params>
          <reporter-output>
          </reporter-output>
        </test-method> <!-- browserLaunch -->
        <test-method signature="SignupTest(java.lang.String,java.lang.String,java.lang.String)[pri:0, instance:pageobjectmodeljat21.TC002_SignupTest@53fe15ff]" started-at="2024-08-27T11:44:34 IST" name="SignupTest" data-provider="ReadfromExcel" finished-at="2024-08-27T11:44:37 IST" duration-ms="2672" status="PASS">
          <params>
            <param index="0">
              <value>
                <![CDATA[lavish123]]>
              </value>
            </param>
            <param index="1">
              <value>
                <![CDATA[admin123]]>
              </value>
            </param>
            <param index="2">
              <value>
                <![CDATA[ExistingUser]]>
              </value>
            </param>
          </params>
          <reporter-output>
          </reporter-output>
        </test-method> <!-- SignupTest -->
        <test-method is-config="true" signature="browserClose()[pri:0, instance:pageobjectmodeljat21.TC002_SignupTest@53fe15ff]" started-at="2024-08-27T11:44:37 IST" name="browserClose" finished-at="2024-08-27T11:44:38 IST" duration-ms="857" status="PASS">
          <reporter-output>
          </reporter-output>
        </test-method> <!-- browserClose -->
        <test-method is-config="true" signature="browserLaunch(java.lang.String,java.lang.String)[pri:0, instance:pageobjectmodeljat21.TC002_SignupTest@53fe15ff]" started-at="2024-08-27T11:44:38 IST" name="browserLaunch" finished-at="2024-08-27T11:44:43 IST" duration-ms="5045" status="PASS">
          <params>
            <param index="0">
              <value>
                <![CDATA[firefox]]>
              </value>
            </param>
            <param index="1">
              <value>
                <![CDATA[https://www.demoblaze.com/index.html]]>
              </value>
            </param>
          </params>
          <reporter-output>
          </reporter-output>
        </test-method> <!-- browserLaunch -->
        <test-method signature="SignupTest(java.lang.String,java.lang.String,java.lang.String)[pri:0, instance:pageobjectmodeljat21.TC002_SignupTest@53fe15ff]" started-at="2024-08-27T11:44:43 IST" name="SignupTest" data-provider="ReadfromExcel" finished-at="2024-08-27T11:44:45 IST" duration-ms="2659" status="PASS">
          <params>
            <param index="0">
              <value>
                <![CDATA[****]]>
              </value>
            </param>
            <param index="1">
              <value>
                <![CDATA[gagd]]>
              </value>
            </param>
            <param index="2">
              <value>
                <![CDATA[InvalidUserName]]>
              </value>
            </param>
          </params>
          <reporter-output>
          </reporter-output>
        </test-method> <!-- SignupTest -->
        <test-method is-config="true" signature="browserClose()[pri:0, instance:pageobjectmodeljat21.TC002_SignupTest@53fe15ff]" started-at="2024-08-27T11:44:45 IST" name="browserClose" finished-at="2024-08-27T11:44:46 IST" duration-ms="1009" status="PASS">
          <reporter-output>
          </reporter-output>
        </test-method> <!-- browserClose -->
        <test-method is-config="true" signature="browserLaunch(java.lang.String,java.lang.String)[pri:0, instance:pageobjectmodeljat21.TC002_SignupTest@53fe15ff]" started-at="2024-08-27T11:44:46 IST" name="browserLaunch" finished-at="2024-08-27T11:44:52 IST" duration-ms="5103" status="PASS">
          <params>
            <param index="0">
              <value>
                <![CDATA[firefox]]>
              </value>
            </param>
            <param index="1">
              <value>
                <![CDATA[https://www.demoblaze.com/index.html]]>
              </value>
            </param>
          </params>
          <reporter-output>
          </reporter-output>
        </test-method> <!-- browserLaunch -->
        <test-method signature="SignupTest(java.lang.String,java.lang.String,java.lang.String)[pri:0, instance:pageobjectmodeljat21.TC002_SignupTest@53fe15ff]" started-at="2024-08-27T11:44:52 IST" name="SignupTest" data-provider="ReadfromExcel" finished-at="2024-08-27T11:44:54 IST" duration-ms="2792" status="PASS">
          <params>
            <param index="0">
              <value>
                <![CDATA[lav]]>
              </value>
            </param>
            <param index="1">
              <value>
                <![CDATA[*****]]>
              </value>
            </param>
            <param index="2">
              <value>
                <![CDATA[InvalidPassword]]>
              </value>
            </param>
          </params>
          <reporter-output>
          </reporter-output>
        </test-method> <!-- SignupTest -->
        <test-method is-config="true" signature="browserClose()[pri:0, instance:pageobjectmodeljat21.TC002_SignupTest@53fe15ff]" started-at="2024-08-27T11:44:54 IST" name="browserClose" finished-at="2024-08-27T11:44:55 IST" duration-ms="1004" status="PASS">
          <reporter-output>
          </reporter-output>
        </test-method> <!-- browserClose -->
      </class> <!-- pageobjectmodeljat21.TC002_SignupTest -->
    </test> <!-- Test -->
  </suite> <!-- Suite -->
</testng-results>
