<?xml version="1.0" encoding="UTF-8"?>
<!-- Generated by org.testng.reporters.JUnitXMLReporter -->
<testsuite ignored="2" hostname="DESKTOP-VPOCKJB" failures="0" tests="2" name="Smoke Test" time="0.087" errors="0" timestamp="2024-08-21T12:21:27 IST">
  <testcase classname="pageobjectmodeljat21.TC007_EmployeeTest" name="updatEmployee" time="0.016"/>
  <testcase classname="pageobjectmodeljat21.TC007_EmployeeTest" name="deleteEmployee" time="0.001"/>
  <testcase classname="pageobjectmodeljat21.TC007_EmployeeTest" name="getEmployeeDetails" time="0.0">
    <ignored/>
  </testcase> <!-- getEmployeeDetails -->
  <testcase classname="pageobjectmodeljat21.TC007_EmployeeTest" name="createEmployee" time="0.0">
    <ignored/>
  </testcase> <!-- createEmployee -->
</testsuite> <!-- Smoke Test -->
